Analysis & Synthesis report for Protoboard
Thu Nov 05 21:49:50 2020
Quartus Prime Version 18.1.0 Build 625 09/12/2018 SJ Lite Edition


---------------------
; Table of Contents ;
---------------------
  1. Legal Notice
  2. Analysis & Synthesis Summary
  3. Analysis & Synthesis Settings
  4. Parallel Compilation
  5. Analysis & Synthesis Source Files Read
  6. Analysis & Synthesis Resource Usage Summary
  7. Analysis & Synthesis Resource Utilization by Entity
  8. State Machine - |Protoboard|BinarioaBCD:inst2|state
  9. General Register Statistics
 10. Multiplexer Restructuring Statistics (Restructuring Performed)
 11. Parameter Settings for User Entity Instance: Practica2:inst7|div_freq:b2v_inst3
 12. Parameter Settings for User Entity Instance: BinarioaBCD:inst2
 13. Port Connectivity Checks: "Practica2:inst7|div_freq:b2v_inst3"
 14. Port Connectivity Checks: "Practica2:inst7|cont2:b2v_inst2"
 15. Post-Synthesis Netlist Statistics for Top Partition
 16. Elapsed Time Per Partition
 17. Analysis & Synthesis Messages



----------------
; Legal Notice ;
----------------
Copyright (C) 2018  Intel Corporation. All rights reserved.
Your use of Intel Corporation's design tools, logic functions 
and other software and tools, and its AMPP partner logic 
functions, and any output files from any of the foregoing 
(including device programming or simulation files), and any 
associated documentation or information are expressly subject 
to the terms and conditions of the Intel Program License 
Subscription Agreement, the Intel Quartus Prime License Agreement,
the Intel FPGA IP License Agreement, or other applicable license
agreement, including, without limitation, that your use is for
the sole purpose of programming logic devices manufactured by
Intel and sold by Intel or its authorized distributors.  Please
refer to the applicable agreement for further details.



+----------------------------------------------------------------------------------+
; Analysis & Synthesis Summary                                                     ;
+------------------------------------+---------------------------------------------+
; Analysis & Synthesis Status        ; Successful - Thu Nov 05 21:49:50 2020       ;
; Quartus Prime Version              ; 18.1.0 Build 625 09/12/2018 SJ Lite Edition ;
; Revision Name                      ; Protoboard                                  ;
; Top-level Entity Name              ; Protoboard                                  ;
; Family                             ; Cyclone IV E                                ;
; Total logic elements               ; 138                                         ;
;     Total combinational functions  ; 122                                         ;
;     Dedicated logic registers      ; 76                                          ;
; Total registers                    ; 76                                          ;
; Total pins                         ; 28                                          ;
; Total virtual pins                 ; 0                                           ;
; Total memory bits                  ; 0                                           ;
; Embedded Multiplier 9-bit elements ; 0                                           ;
; Total PLLs                         ; 0                                           ;
+------------------------------------+---------------------------------------------+


+------------------------------------------------------------------------------------------------------------+
; Analysis & Synthesis Settings                                                                              ;
+------------------------------------------------------------------+--------------------+--------------------+
; Option                                                           ; Setting            ; Default Value      ;
+------------------------------------------------------------------+--------------------+--------------------+
; Device                                                           ; EP4CE22F17C6       ;                    ;
; Top-level entity name                                            ; Protoboard         ; Protoboard         ;
; Family name                                                      ; Cyclone IV E       ; Cyclone V          ;
; Use smart compilation                                            ; Off                ; Off                ;
; Enable parallel Assembler and Timing Analyzer during compilation ; On                 ; On                 ;
; Enable compact report table                                      ; Off                ; Off                ;
; Restructure Multiplexers                                         ; Auto               ; Auto               ;
; Create Debugging Nodes for IP Cores                              ; Off                ; Off                ;
; Preserve fewer node names                                        ; On                 ; On                 ;
; Intel FPGA IP Evaluation Mode                                    ; Enable             ; Enable             ;
; Verilog Version                                                  ; Verilog_2001       ; Verilog_2001       ;
; VHDL Version                                                     ; VHDL_1993          ; VHDL_1993          ;
; State Machine Processing                                         ; Auto               ; Auto               ;
; Safe State Machine                                               ; Off                ; Off                ;
; Extract Verilog State Machines                                   ; On                 ; On                 ;
; Extract VHDL State Machines                                      ; On                 ; On                 ;
; Ignore Verilog initial constructs                                ; Off                ; Off                ;
; Iteration limit for constant Verilog loops                       ; 5000               ; 5000               ;
; Iteration limit for non-constant Verilog loops                   ; 250                ; 250                ;
; Add Pass-Through Logic to Inferred RAMs                          ; On                 ; On                 ;
; Infer RAMs from Raw Logic                                        ; On                 ; On                 ;
; Parallel Synthesis                                               ; On                 ; On                 ;
; DSP Block Balancing                                              ; Auto               ; Auto               ;
; NOT Gate Push-Back                                               ; On                 ; On                 ;
; Power-Up Don't Care                                              ; On                 ; On                 ;
; Remove Redundant Logic Cells                                     ; Off                ; Off                ;
; Remove Duplicate Registers                                       ; On                 ; On                 ;
; Ignore CARRY Buffers                                             ; Off                ; Off                ;
; Ignore CASCADE Buffers                                           ; Off                ; Off                ;
; Ignore GLOBAL Buffers                                            ; Off                ; Off                ;
; Ignore ROW GLOBAL Buffers                                        ; Off                ; Off                ;
; Ignore LCELL Buffers                                             ; Off                ; Off                ;
; Ignore SOFT Buffers                                              ; On                 ; On                 ;
; Limit AHDL Integers to 32 Bits                                   ; Off                ; Off                ;
; Optimization Technique                                           ; Balanced           ; Balanced           ;
; Carry Chain Length                                               ; 70                 ; 70                 ;
; Auto Carry Chains                                                ; On                 ; On                 ;
; Auto Open-Drain Pins                                             ; On                 ; On                 ;
; Perform WYSIWYG Primitive Resynthesis                            ; Off                ; Off                ;
; Auto ROM Replacement                                             ; On                 ; On                 ;
; Auto RAM Replacement                                             ; On                 ; On                 ;
; Auto DSP Block Replacement                                       ; On                 ; On                 ;
; Auto Shift Register Replacement                                  ; Auto               ; Auto               ;
; Allow Shift Register Merging across Hierarchies                  ; Auto               ; Auto               ;
; Auto Clock Enable Replacement                                    ; On                 ; On                 ;
; Strict RAM Replacement                                           ; Off                ; Off                ;
; Allow Synchronous Control Signals                                ; On                 ; On                 ;
; Force Use of Synchronous Clear Signals                           ; Off                ; Off                ;
; Auto RAM Block Balancing                                         ; On                 ; On                 ;
; Auto RAM to Logic Cell Conversion                                ; Off                ; Off                ;
; Auto Resource Sharing                                            ; Off                ; Off                ;
; Allow Any RAM Size For Recognition                               ; Off                ; Off                ;
; Allow Any ROM Size For Recognition                               ; Off                ; Off                ;
; Allow Any Shift Register Size For Recognition                    ; Off                ; Off                ;
; Use LogicLock Constraints during Resource Balancing              ; On                 ; On                 ;
; Ignore translate_off and synthesis_off directives                ; Off                ; Off                ;
; Timing-Driven Synthesis                                          ; On                 ; On                 ;
; Report Parameter Settings                                        ; On                 ; On                 ;
; Report Source Assignments                                        ; On                 ; On                 ;
; Report Connectivity Checks                                       ; On                 ; On                 ;
; Ignore Maximum Fan-Out Assignments                               ; Off                ; Off                ;
; Synchronization Register Chain Length                            ; 2                  ; 2                  ;
; Power Optimization During Synthesis                              ; Normal compilation ; Normal compilation ;
; HDL message level                                                ; Level2             ; Level2             ;
; Suppress Register Optimization Related Messages                  ; Off                ; Off                ;
; Number of Removed Registers Reported in Synthesis Report         ; 5000               ; 5000               ;
; Number of Swept Nodes Reported in Synthesis Report               ; 5000               ; 5000               ;
; Number of Inverted Registers Reported in Synthesis Report        ; 100                ; 100                ;
; Clock MUX Protection                                             ; On                 ; On                 ;
; Auto Gated Clock Conversion                                      ; Off                ; Off                ;
; Block Design Naming                                              ; Auto               ; Auto               ;
; SDC constraint protection                                        ; Off                ; Off                ;
; Synthesis Effort                                                 ; Auto               ; Auto               ;
; Shift Register Replacement - Allow Asynchronous Clear Signal     ; On                 ; On                 ;
; Pre-Mapping Resynthesis Optimization                             ; Off                ; Off                ;
; Analysis & Synthesis Message Level                               ; Medium             ; Medium             ;
; Disable Register Merging Across Hierarchies                      ; Auto               ; Auto               ;
; Resource Aware Inference For Block RAM                           ; On                 ; On                 ;
+------------------------------------------------------------------+--------------------+--------------------+


+------------------------------------------+
; Parallel Compilation                     ;
+----------------------------+-------------+
; Processors                 ; Number      ;
+----------------------------+-------------+
; Number detected on machine ; 8           ;
; Maximum allowed            ; 4           ;
;                            ;             ;
; Average used               ; 1.00        ;
; Maximum used               ; 4           ;
;                            ;             ;
; Usage by Processor         ; % Time Used ;
;     Processor 1            ; 100.0%      ;
;     Processor 2            ;   0.0%      ;
;     Processors 3-4         ;   0.0%      ;
+----------------------------+-------------+


+-----------------------------------------------------------------------------------------------------------------------------------------------------------------------------------------------------------------------------------------------------------------------------------+
; Analysis & Synthesis Source Files Read                                                                                                                                                                                                                                            ;
+-------------------------------------------+-----------------+------------------------------------+----------------------------------------------------------------------------------------------------------------------------------------------------------------------+---------+
; File Name with User-Entered Path          ; Used in Netlist ; File Type                          ; File Name with Absolute Path                                                                                                                                         ; Library ;
+-------------------------------------------+-----------------+------------------------------------+----------------------------------------------------------------------------------------------------------------------------------------------------------------------+---------+
; Practica2/Practica2.vhd                   ; yes             ; User VHDL File                     ; C:/Users/joceg/OneDrive - INSTITUTO TECNOLOGICO AUTONOMO DE MEXICO/Escuela/Tareas/Circuitos lógicos/Laboratorio/Protoboard/Practica2/Practica2.vhd                   ;         ;
; Practica2/mux4a1/mux4a1.vhd               ; yes             ; User VHDL File                     ; C:/Users/joceg/OneDrive - INSTITUTO TECNOLOGICO AUTONOMO DE MEXICO/Escuela/Tareas/Circuitos lógicos/Laboratorio/Protoboard/Practica2/mux4a1/mux4a1.vhd               ;         ;
; Practica2/div_freq/div_freq.vhd           ; yes             ; User VHDL File                     ; C:/Users/joceg/OneDrive - INSTITUTO TECNOLOGICO AUTONOMO DE MEXICO/Escuela/Tareas/Circuitos lógicos/Laboratorio/Protoboard/Practica2/div_freq/div_freq.vhd           ;         ;
; Practica2/decoBCDa7/decoBCDa7.vhd         ; yes             ; User VHDL File                     ; C:/Users/joceg/OneDrive - INSTITUTO TECNOLOGICO AUTONOMO DE MEXICO/Escuela/Tareas/Circuitos lógicos/Laboratorio/Protoboard/Practica2/decoBCDa7/decoBCDa7.vhd         ;         ;
; Practica2/deco2a4/deco2a4.vhd             ; yes             ; User VHDL File                     ; C:/Users/joceg/OneDrive - INSTITUTO TECNOLOGICO AUTONOMO DE MEXICO/Escuela/Tareas/Circuitos lógicos/Laboratorio/Protoboard/Practica2/deco2a4/deco2a4.vhd             ;         ;
; Practica2/cont2/cont2.vhd                 ; yes             ; User VHDL File                     ; C:/Users/joceg/OneDrive - INSTITUTO TECNOLOGICO AUTONOMO DE MEXICO/Escuela/Tareas/Circuitos lógicos/Laboratorio/Protoboard/Practica2/cont2/cont2.vhd                 ;         ;
; inversor16todownto/inversor16todownto.vhd ; yes             ; User VHDL File                     ; C:/Users/joceg/OneDrive - INSTITUTO TECNOLOGICO AUTONOMO DE MEXICO/Escuela/Tareas/Circuitos lógicos/Laboratorio/Protoboard/inversor16todownto/inversor16todownto.vhd ;         ;
; inversor4downtoto/inversor4downtoto.vhd   ; yes             ; User VHDL File                     ; C:/Users/joceg/OneDrive - INSTITUTO TECNOLOGICO AUTONOMO DE MEXICO/Escuela/Tareas/Circuitos lógicos/Laboratorio/Protoboard/inversor4downtoto/inversor4downtoto.vhd   ;         ;
; BinarioaBCD/BinarioaBCD.vhd               ; yes             ; User VHDL File                     ; C:/Users/joceg/OneDrive - INSTITUTO TECNOLOGICO AUTONOMO DE MEXICO/Escuela/Tareas/Circuitos lógicos/Laboratorio/Protoboard/BinarioaBCD/BinarioaBCD.vhd               ;         ;
; Protoboard.bdf                            ; yes             ; User Block Diagram/Schematic File  ; C:/Users/joceg/OneDrive - INSTITUTO TECNOLOGICO AUTONOMO DE MEXICO/Escuela/Tareas/Circuitos lógicos/Laboratorio/Protoboard/Protoboard.bdf                            ;         ;
+-------------------------------------------+-----------------+------------------------------------+----------------------------------------------------------------------------------------------------------------------------------------------------------------------+---------+


+-----------------------------------------------------------+
; Analysis & Synthesis Resource Usage Summary               ;
+---------------------------------------------+-------------+
; Resource                                    ; Usage       ;
+---------------------------------------------+-------------+
; Estimated Total logic elements              ; 138         ;
;                                             ;             ;
; Total combinational functions               ; 122         ;
; Logic element usage by number of LUT inputs ;             ;
;     -- 4 input functions                    ; 58          ;
;     -- 3 input functions                    ; 34          ;
;     -- <=2 input functions                  ; 30          ;
;                                             ;             ;
; Logic elements by mode                      ;             ;
;     -- normal mode                          ; 102         ;
;     -- arithmetic mode                      ; 20          ;
;                                             ;             ;
; Total registers                             ; 76          ;
;     -- Dedicated logic registers            ; 76          ;
;     -- I/O registers                        ; 0           ;
;                                             ;             ;
; I/O pins                                    ; 28          ;
;                                             ;             ;
; Embedded Multiplier 9-bit elements          ; 0           ;
;                                             ;             ;
; Maximum fan-out node                        ; clock~input ;
; Maximum fan-out                             ; 74          ;
; Total fan-out                               ; 614         ;
; Average fan-out                             ; 2.42        ;
+---------------------------------------------+-------------+


+---------------------------------------------------------------------------------------------------------------------------------------------------------------------------------------------------------------------------------------+
; Analysis & Synthesis Resource Utilization by Entity                                                                                                                                                                                   ;
+-----------------------------+---------------------+---------------------------+-------------+--------------+---------+-----------+------+--------------+-------------------------------------------------+-------------+--------------+
; Compilation Hierarchy Node  ; Combinational ALUTs ; Dedicated Logic Registers ; Memory Bits ; DSP Elements ; DSP 9x9 ; DSP 18x18 ; Pins ; Virtual Pins ; Full Hierarchy Name                             ; Entity Name ; Library Name ;
+-----------------------------+---------------------+---------------------------+-------------+--------------+---------+-----------+------+--------------+-------------------------------------------------+-------------+--------------+
; |Protoboard                 ; 122 (0)             ; 76 (0)                    ; 0           ; 0            ; 0       ; 0         ; 28   ; 0            ; |Protoboard                                     ; Protoboard  ; work         ;
;    |BinarioaBCD:inst2|      ; 71 (71)             ; 56 (56)                   ; 0           ; 0            ; 0       ; 0         ; 0    ; 0            ; |Protoboard|BinarioaBCD:inst2                   ; BinarioaBCD ; work         ;
;    |Practica2:inst7|        ; 51 (0)              ; 20 (0)                    ; 0           ; 0            ; 0       ; 0         ; 0    ; 0            ; |Protoboard|Practica2:inst7                     ; Practica2   ; work         ;
;       |cont2:b2v_inst2|     ; 2 (2)               ; 2 (2)                     ; 0           ; 0            ; 0       ; 0         ; 0    ; 0            ; |Protoboard|Practica2:inst7|cont2:b2v_inst2     ; cont2       ; work         ;
;       |deco2a4:b2v_inst4|   ; 4 (4)               ; 0 (0)                     ; 0           ; 0            ; 0       ; 0         ; 0    ; 0            ; |Protoboard|Practica2:inst7|deco2a4:b2v_inst4   ; deco2a4     ; work         ;
;       |decoBCDa7:b2v_inst1| ; 7 (7)               ; 0 (0)                     ; 0           ; 0            ; 0       ; 0         ; 0    ; 0            ; |Protoboard|Practica2:inst7|decoBCDa7:b2v_inst1 ; decoBCDa7   ; work         ;
;       |div_freq:b2v_inst3|  ; 30 (30)             ; 18 (18)                   ; 0           ; 0            ; 0       ; 0         ; 0    ; 0            ; |Protoboard|Practica2:inst7|div_freq:b2v_inst3  ; div_freq    ; work         ;
;       |mux4a1:b2v_inst|     ; 8 (8)               ; 0 (0)                     ; 0           ; 0            ; 0       ; 0         ; 0    ; 0            ; |Protoboard|Practica2:inst7|mux4a1:b2v_inst     ; mux4a1      ; work         ;
+-----------------------------+---------------------+---------------------------+-------------+--------------+---------+-----------+------+--------------+-------------------------------------------------+-------------+--------------+
Note: For table entries with two numbers listed, the numbers in parentheses indicate the number of resources of the given type used by the specific entity alone. The numbers listed outside of parentheses indicate the total resources of the given type used by the specific entity and all of its sub-entities in the hierarchy.


Encoding Type:  One-Hot
+------------------------------------------------------+
; State Machine - |Protoboard|BinarioaBCD:inst2|state  ;
+-------------+------------+-------------+-------------+
; Name        ; state.done ; state.shift ; state.start ;
+-------------+------------+-------------+-------------+
; state.start ; 0          ; 0           ; 0           ;
; state.shift ; 0          ; 1           ; 1           ;
; state.done  ; 1          ; 0           ; 1           ;
+-------------+------------+-------------+-------------+


+------------------------------------------------------+
; General Register Statistics                          ;
+----------------------------------------------+-------+
; Statistic                                    ; Value ;
+----------------------------------------------+-------+
; Total registers                              ; 76    ;
; Number of registers using Synchronous Clear  ; 0     ;
; Number of registers using Synchronous Load   ; 1     ;
; Number of registers using Asynchronous Clear ; 0     ;
; Number of registers using Asynchronous Load  ; 0     ;
; Number of registers using Clock Enable       ; 31    ;
; Number of registers using Preset             ; 0     ;
+----------------------------------------------+-------+


+----------------------------------------------------------------------------------------------------------------------------------------------------------------+
; Multiplexer Restructuring Statistics (Restructuring Performed)                                                                                                 ;
+--------------------+-----------+---------------+----------------------+------------------------+------------+--------------------------------------------------+
; Multiplexer Inputs ; Bus Width ; Baseline Area ; Area if Restructured ; Saving if Restructured ; Registered ; Example Multiplexer Output                       ;
+--------------------+-----------+---------------+----------------------+------------------------+------------+--------------------------------------------------+
; 4:1                ; 15 bits   ; 30 LEs        ; 15 LEs               ; 15 LEs                 ; Yes        ; |Protoboard|BinarioaBCD:inst2|binary[11]         ;
; 4:1                ; 4 bits    ; 8 LEs         ; 8 LEs                ; 0 LEs                  ; No         ; |Protoboard|Practica2:inst7|mux4a1:b2v_inst|Mux2 ;
; 3:1                ; 4 bits    ; 8 LEs         ; 8 LEs                ; 0 LEs                  ; No         ; |Protoboard|BinarioaBCD:inst2|bcds_next          ;
; 3:1                ; 4 bits    ; 8 LEs         ; 8 LEs                ; 0 LEs                  ; No         ; |Protoboard|BinarioaBCD:inst2|bcds_next          ;
; 3:1                ; 4 bits    ; 8 LEs         ; 8 LEs                ; 0 LEs                  ; No         ; |Protoboard|BinarioaBCD:inst2|bcds_next          ;
; 3:1                ; 3 bits    ; 6 LEs         ; 6 LEs                ; 0 LEs                  ; No         ; |Protoboard|BinarioaBCD:inst2|bcds_next          ;
+--------------------+-----------+---------------+----------------------+------------------------+------------+--------------------------------------------------+


+---------------------------------------------------------------------------------+
; Parameter Settings for User Entity Instance: Practica2:inst7|div_freq:b2v_inst3 ;
+----------------+--------+-------------------------------------------------------+
; Parameter Name ; Value  ; Type                                                  ;
+----------------+--------+-------------------------------------------------------+
; div            ; 100000 ; Signed Integer                                        ;
+----------------+--------+-------------------------------------------------------+
Note: In order to hide this table in the UI and the text report file, please set the "Show Parameter Settings in Synthesis Report" option in "Analysis and Synthesis Settings -> More Settings" to "Off".


+----------------------------------------------------------------+
; Parameter Settings for User Entity Instance: BinarioaBCD:inst2 ;
+----------------+-------+---------------------------------------+
; Parameter Name ; Value ; Type                                  ;
+----------------+-------+---------------------------------------+
; n              ; 16    ; Signed Integer                        ;
+----------------+-------+---------------------------------------+
Note: In order to hide this table in the UI and the text report file, please set the "Show Parameter Settings in Synthesis Report" option in "Analysis and Synthesis Settings -> More Settings" to "Off".


+----------------------------------------------------------------+
; Port Connectivity Checks: "Practica2:inst7|div_freq:b2v_inst3" ;
+-------+-------+----------+-------------------------------------+
; Port  ; Type  ; Severity ; Details                             ;
+-------+-------+----------+-------------------------------------+
; reset ; Input ; Info     ; Stuck at GND                        ;
+-------+-------+----------+-------------------------------------+


+-------------------------------------------------------------+
; Port Connectivity Checks: "Practica2:inst7|cont2:b2v_inst2" ;
+-------+-------+----------+----------------------------------+
; Port  ; Type  ; Severity ; Details                          ;
+-------+-------+----------+----------------------------------+
; reset ; Input ; Info     ; Stuck at GND                     ;
+-------+-------+----------+----------------------------------+


+-----------------------------------------------------+
; Post-Synthesis Netlist Statistics for Top Partition ;
+-----------------------+-----------------------------+
; Type                  ; Count                       ;
+-----------------------+-----------------------------+
; boundary_port         ; 28                          ;
; cycloneiii_ff         ; 76                          ;
;     ENA               ; 31                          ;
;     SLD               ; 1                           ;
;     plain             ; 44                          ;
; cycloneiii_lcell_comb ; 123                         ;
;     arith             ; 20                          ;
;         2 data inputs ; 20                          ;
;     normal            ; 103                         ;
;         1 data inputs ; 5                           ;
;         2 data inputs ; 6                           ;
;         3 data inputs ; 34                          ;
;         4 data inputs ; 58                          ;
;                       ;                             ;
; Max LUT depth         ; 4.00                        ;
; Average LUT depth     ; 2.50                        ;
+-----------------------+-----------------------------+


+-------------------------------+
; Elapsed Time Per Partition    ;
+----------------+--------------+
; Partition Name ; Elapsed Time ;
+----------------+--------------+
; Top            ; 00:00:01     ;
+----------------+--------------+


+-------------------------------+
; Analysis & Synthesis Messages ;
+-------------------------------+
Info: *******************************************************************
Info: Running Quartus Prime Analysis & Synthesis
    Info: Version 18.1.0 Build 625 09/12/2018 SJ Lite Edition
    Info: Processing started: Thu Nov 05 21:49:33 2020
Info: Command: quartus_map --read_settings_files=on --write_settings_files=off Protoboard -c Protoboard
Warning (18236): Number of processors has not been specified which may cause overloading on shared machines.  Set the global assignment NUM_PARALLEL_PROCESSORS in your QSF to an appropriate value for best performance.
Info (20030): Parallel compilation is enabled and will use 4 of the 4 processors detected
Info (12021): Found 2 design units, including 1 entities, in source file practica2/practica2.vhd
    Info (12022): Found design unit 1: Practica2-bdf_type File: C:/Users/joceg/OneDrive - INSTITUTO TECNOLOGICO AUTONOMO DE MEXICO/Escuela/Tareas/Circuitos lógicos/Laboratorio/Protoboard/Practica2/Practica2.vhd Line: 58
    Info (12023): Found entity 1: Practica2 File: C:/Users/joceg/OneDrive - INSTITUTO TECNOLOGICO AUTONOMO DE MEXICO/Escuela/Tareas/Circuitos lógicos/Laboratorio/Protoboard/Practica2/Practica2.vhd Line: 24
Info (12021): Found 2 design units, including 1 entities, in source file practica2/mux4a1/mux4a1.vhd
    Info (12022): Found design unit 1: mux4a1-behavior File: C:/Users/joceg/OneDrive - INSTITUTO TECNOLOGICO AUTONOMO DE MEXICO/Escuela/Tareas/Circuitos lógicos/Laboratorio/Protoboard/Practica2/mux4a1/mux4a1.vhd Line: 16
    Info (12023): Found entity 1: mux4a1 File: C:/Users/joceg/OneDrive - INSTITUTO TECNOLOGICO AUTONOMO DE MEXICO/Escuela/Tareas/Circuitos lógicos/Laboratorio/Protoboard/Practica2/mux4a1/mux4a1.vhd Line: 6
Info (12021): Found 2 design units, including 1 entities, in source file practica2/div_freq/div_freq.vhd
    Info (12022): Found design unit 1: div_freq-Behavioral File: C:/Users/joceg/OneDrive - INSTITUTO TECNOLOGICO AUTONOMO DE MEXICO/Escuela/Tareas/Circuitos lógicos/Laboratorio/Protoboard/Practica2/div_freq/div_freq.vhd Line: 13
    Info (12023): Found entity 1: div_freq File: C:/Users/joceg/OneDrive - INSTITUTO TECNOLOGICO AUTONOMO DE MEXICO/Escuela/Tareas/Circuitos lógicos/Laboratorio/Protoboard/Practica2/div_freq/div_freq.vhd Line: 4
Info (12021): Found 2 design units, including 1 entities, in source file practica2/decobcda7/decobcda7.vhd
    Info (12022): Found design unit 1: decoBCDa7-behavior File: C:/Users/joceg/OneDrive - INSTITUTO TECNOLOGICO AUTONOMO DE MEXICO/Escuela/Tareas/Circuitos lógicos/Laboratorio/Protoboard/Practica2/decoBCDa7/decoBCDa7.vhd Line: 18
    Info (12023): Found entity 1: decoBCDa7 File: C:/Users/joceg/OneDrive - INSTITUTO TECNOLOGICO AUTONOMO DE MEXICO/Escuela/Tareas/Circuitos lógicos/Laboratorio/Protoboard/Practica2/decoBCDa7/decoBCDa7.vhd Line: 6
Info (12021): Found 2 design units, including 1 entities, in source file practica2/deco2a4/deco2a4.vhd
    Info (12022): Found design unit 1: deco2a4-behavior File: C:/Users/joceg/OneDrive - INSTITUTO TECNOLOGICO AUTONOMO DE MEXICO/Escuela/Tareas/Circuitos lógicos/Laboratorio/Protoboard/Practica2/deco2a4/deco2a4.vhd Line: 15
    Info (12023): Found entity 1: deco2a4 File: C:/Users/joceg/OneDrive - INSTITUTO TECNOLOGICO AUTONOMO DE MEXICO/Escuela/Tareas/Circuitos lógicos/Laboratorio/Protoboard/Practica2/deco2a4/deco2a4.vhd Line: 6
Info (12021): Found 2 design units, including 1 entities, in source file practica2/cont2/cont2.vhd
    Info (12022): Found design unit 1: cont2-Behavioral File: C:/Users/joceg/OneDrive - INSTITUTO TECNOLOGICO AUTONOMO DE MEXICO/Escuela/Tareas/Circuitos lógicos/Laboratorio/Protoboard/Practica2/cont2/cont2.vhd Line: 14
    Info (12023): Found entity 1: cont2 File: C:/Users/joceg/OneDrive - INSTITUTO TECNOLOGICO AUTONOMO DE MEXICO/Escuela/Tareas/Circuitos lógicos/Laboratorio/Protoboard/Practica2/cont2/cont2.vhd Line: 6
Info (12021): Found 2 design units, including 1 entities, in source file inversor16todownto/inversor16todownto.vhd
    Info (12022): Found design unit 1: inversor16todownto-behavior File: C:/Users/joceg/OneDrive - INSTITUTO TECNOLOGICO AUTONOMO DE MEXICO/Escuela/Tareas/Circuitos lógicos/Laboratorio/Protoboard/inversor16todownto/inversor16todownto.vhd Line: 16
    Info (12023): Found entity 1: inversor16todownto File: C:/Users/joceg/OneDrive - INSTITUTO TECNOLOGICO AUTONOMO DE MEXICO/Escuela/Tareas/Circuitos lógicos/Laboratorio/Protoboard/inversor16todownto/inversor16todownto.vhd Line: 8
Info (12021): Found 2 design units, including 1 entities, in source file inversor4downtoto/inversor4downtoto.vhd
    Info (12022): Found design unit 1: inversor4downtoto-behavior File: C:/Users/joceg/OneDrive - INSTITUTO TECNOLOGICO AUTONOMO DE MEXICO/Escuela/Tareas/Circuitos lógicos/Laboratorio/Protoboard/inversor4downtoto/inversor4downtoto.vhd Line: 18
    Info (12023): Found entity 1: inversor4downtoto File: C:/Users/joceg/OneDrive - INSTITUTO TECNOLOGICO AUTONOMO DE MEXICO/Escuela/Tareas/Circuitos lógicos/Laboratorio/Protoboard/inversor4downtoto/inversor4downtoto.vhd Line: 7
Info (12021): Found 2 design units, including 1 entities, in source file binarioabcd/binarioabcd.vhd
    Info (12022): Found design unit 1: BinarioaBCD-behavior File: C:/Users/joceg/OneDrive - INSTITUTO TECNOLOGICO AUTONOMO DE MEXICO/Escuela/Tareas/Circuitos lógicos/Laboratorio/Protoboard/BinarioaBCD/BinarioaBCD.vhd Line: 16
    Info (12023): Found entity 1: BinarioaBCD File: C:/Users/joceg/OneDrive - INSTITUTO TECNOLOGICO AUTONOMO DE MEXICO/Escuela/Tareas/Circuitos lógicos/Laboratorio/Protoboard/BinarioaBCD/BinarioaBCD.vhd Line: 7
Info (12021): Found 1 design units, including 1 entities, in source file protoboard.bdf
    Info (12023): Found entity 1: Protoboard
Info (12127): Elaborating entity "Protoboard" for the top level hierarchy
Warning (275085): Found inconsistent dimensions for element "G"
Warning (275080): Converted elements in bus name "G" using legacy naming rules. Make any assignments on the new names, not on the original names.
    Warning (275081): Converted element name(s) from "G[0..15]" to "G0..15"
Info (12128): Elaborating entity "Practica2" for hierarchy "Practica2:inst7"
Info (12128): Elaborating entity "mux4a1" for hierarchy "Practica2:inst7|mux4a1:b2v_inst" File: C:/Users/joceg/OneDrive - INSTITUTO TECNOLOGICO AUTONOMO DE MEXICO/Escuela/Tareas/Circuitos lógicos/Laboratorio/Protoboard/Practica2/Practica2.vhd Line: 126
Info (12128): Elaborating entity "decoBCDa7" for hierarchy "Practica2:inst7|decoBCDa7:b2v_inst1" File: C:/Users/joceg/OneDrive - INSTITUTO TECNOLOGICO AUTONOMO DE MEXICO/Escuela/Tareas/Circuitos lógicos/Laboratorio/Protoboard/Practica2/Practica2.vhd Line: 135
Info (12128): Elaborating entity "cont2" for hierarchy "Practica2:inst7|cont2:b2v_inst2" File: C:/Users/joceg/OneDrive - INSTITUTO TECNOLOGICO AUTONOMO DE MEXICO/Escuela/Tareas/Circuitos lógicos/Laboratorio/Protoboard/Practica2/Practica2.vhd Line: 146
Info (12128): Elaborating entity "div_freq" for hierarchy "Practica2:inst7|div_freq:b2v_inst3" File: C:/Users/joceg/OneDrive - INSTITUTO TECNOLOGICO AUTONOMO DE MEXICO/Escuela/Tareas/Circuitos lógicos/Laboratorio/Protoboard/Practica2/Practica2.vhd Line: 152
Info (12128): Elaborating entity "deco2a4" for hierarchy "Practica2:inst7|deco2a4:b2v_inst4" File: C:/Users/joceg/OneDrive - INSTITUTO TECNOLOGICO AUTONOMO DE MEXICO/Escuela/Tareas/Circuitos lógicos/Laboratorio/Protoboard/Practica2/Practica2.vhd Line: 160
Info (12128): Elaborating entity "inversor4downtoto" for hierarchy "inversor4downtoto:inst3"
Info (12128): Elaborating entity "BinarioaBCD" for hierarchy "BinarioaBCD:inst2"
Info (12128): Elaborating entity "inversor16todownto" for hierarchy "inversor16todownto:inst"
Info (286030): Timing-Driven Synthesis is running
Info (16010): Generating hard_block partition "hard_block:auto_generated_inst"
    Info (16011): Adding 0 node(s), including 0 DDIO, 0 PLL, 0 transceiver and 0 LCELL
Info (21057): Implemented 167 device resources after synthesis - the final resource count might be different
    Info (21058): Implemented 17 input pins
    Info (21059): Implemented 11 output pins
    Info (21061): Implemented 139 logic cells
Info: Quartus Prime Analysis & Synthesis was successful. 0 errors, 4 warnings
    Info: Peak virtual memory: 4791 megabytes
    Info: Processing ended: Thu Nov 05 21:49:50 2020
    Info: Elapsed time: 00:00:17
    Info: Total CPU time (on all processors): 00:00:36


